Performing C SOURCE FILE Test CMAKE_HAVE_LIBC_PTHREAD failed with the following output:
Change Dir: /home/pi/myproject_cpp/GXcar/build/CMakeFiles/CMakeTmp

Run Build Command(s):/usr/bin/gmake cmTC_23716/fast && /usr/bin/gmake  -f CMakeFiles/cmTC_23716.dir/build.make CMakeFiles/cmTC_23716.dir/build
gmake[1]: 进入目录“/home/pi/myproject_cpp/GXcar/build/CMakeFiles/CMakeTmp”
Building C object CMakeFiles/cmTC_23716.dir/src.c.o
/usr/bin/cc   -DCMAKE_HAVE_LIBC_PTHREAD -o CMakeFiles/cmTC_23716.dir/src.c.o -c /home/pi/myproject_cpp/GXcar/build/CMakeFiles/CMakeTmp/src.c
Linking C executable cmTC_23716
/usr/bin/cmake -E cmake_link_script CMakeFiles/cmTC_23716.dir/link.txt --verbose=1
/usr/bin/cc  -DCMAKE_HAVE_LIBC_PTHREAD CMakeFiles/cmTC_23716.dir/src.c.o -o cmTC_23716 
/usr/bin/ld: CMakeFiles/cmTC_23716.dir/src.c.o: in function `main':
src.c:(.text+0x40): undefined reference to `pthread_create'
/usr/bin/ld: src.c:(.text+0x4c): undefined reference to `pthread_detach'
/usr/bin/ld: src.c:(.text+0x58): undefined reference to `pthread_cancel'
/usr/bin/ld: src.c:(.text+0x68): undefined reference to `pthread_join'
collect2: error: ld returned 1 exit status
gmake[1]: *** [CMakeFiles/cmTC_23716.dir/build.make:106：cmTC_23716] 错误 1
gmake[1]: 离开目录“/home/pi/myproject_cpp/GXcar/build/CMakeFiles/CMakeTmp”
gmake: *** [Makefile:140：cmTC_23716/fast] 错误 2


Source file was:
#include <pthread.h>

void* test_func(void* data)
{
  return data;
}

int main(void)
{
  pthread_t thread;
  pthread_create(&thread, NULL, test_func, NULL);
  pthread_detach(thread);
  pthread_cancel(thread);
  pthread_join(thread, NULL);
  pthread_atfork(NULL, NULL, NULL);
  pthread_exit(NULL);

  return 0;
}

Determining if the function pthread_create exists in the pthreads failed with the following output:
Change Dir: /home/pi/myproject_cpp/GXcar/build/CMakeFiles/CMakeTmp

Run Build Command(s):/usr/bin/gmake cmTC_ee49a/fast && /usr/bin/gmake  -f CMakeFiles/cmTC_ee49a.dir/build.make CMakeFiles/cmTC_ee49a.dir/build
gmake[1]: 进入目录“/home/pi/myproject_cpp/GXcar/build/CMakeFiles/CMakeTmp”
Building C object CMakeFiles/cmTC_ee49a.dir/CheckFunctionExists.c.o
/usr/bin/cc   -DCHECK_FUNCTION_EXISTS=pthread_create -o CMakeFiles/cmTC_ee49a.dir/CheckFunctionExists.c.o -c /usr/share/cmake-3.18/Modules/CheckFunctionExists.c
Linking C executable cmTC_ee49a
/usr/bin/cmake -E cmake_link_script CMakeFiles/cmTC_ee49a.dir/link.txt --verbose=1
/usr/bin/cc  -DCHECK_FUNCTION_EXISTS=pthread_create CMakeFiles/cmTC_ee49a.dir/CheckFunctionExists.c.o -o cmTC_ee49a  -lpthreads 
/usr/bin/ld: 找不到 -lpthreads
collect2: error: ld returned 1 exit status
gmake[1]: *** [CMakeFiles/cmTC_ee49a.dir/build.make:106：cmTC_ee49a] 错误 1
gmake[1]: 离开目录“/home/pi/myproject_cpp/GXcar/build/CMakeFiles/CMakeTmp”
gmake: *** [Makefile:140：cmTC_ee49a/fast] 错误 2



